/opt/synopsys/design_vision/syn/H-2013.03-SP5/auxx/gui/dv/dv_setup.tcl
/opt/synopsys/design_vision/syn/H-2013.03-SP5/auxx/gui/syn/snpsSynProcs.tcl
/opt/synopsys/design_vision/syn/H-2013.03-SP5/auxx/tcllib/lib/tcl8.4/package.tcl
/opt/synopsys/design_vision/syn/H-2013.03-SP5/auxx/gui/syn/layout/pkgIndex.tcl
/opt/synopsys/design_vision/syn/H-2013.03-SP5/auxx/gui/common/table/pkgIndex.tcl
/opt/synopsys/design_vision/syn/H-2013.03-SP5/auxx/gui/common/docBrowser/pkgIndex.tcl
/opt/synopsys/design_vision/syn/H-2013.03-SP5/auxx/gui/common/pathinspector/pkgIndex.tcl
/opt/synopsys/design_vision/syn/H-2013.03-SP5/auxx/gui/common/opdlg/pkgIndex.tcl
/opt/synopsys/design_vision/syn/H-2013.03-SP5/auxx/gui/common/regressionToolkit/pkgIndex.tcl
/opt/synopsys/design_vision/syn/H-2013.03-SP5/auxx/gui/common/dialogs/pkgIndex.tcl
/opt/synopsys/design_vision/syn/H-2013.03-SP5/auxx/gui/common/select/pkgIndex.tcl
/opt/synopsys/design_vision/syn/H-2013.03-SP5/auxx/gui/common/hierarchy/pkgIndex.tcl
/opt/synopsys/design_vision/syn/H-2013.03-SP5/auxx/gui/common/menus/pkgIndex.tcl
/opt/synopsys/design_vision/syn/H-2013.03-SP5/auxx/gui/common/libviewer/pkgIndex.tcl
/opt/synopsys/design_vision/syn/H-2013.03-SP5/auxx/gui/common/profiler/pkgIndex.tcl
/opt/synopsys/design_vision/syn/H-2013.03-SP5/auxx/gui/common/view/pkgIndex.tcl
/opt/synopsys/design_vision/syn/H-2013.03-SP5/auxx/gui/common/histogram/pkgIndex.tcl
/opt/synopsys/design_vision/syn/H-2013.03-SP5/auxx/gui/common/misc/pkgIndex.tcl
/opt/synopsys/design_vision/syn/H-2013.03-SP5/auxx/gui/common/layout/pkgIndex.tcl
/opt/synopsys/design_vision/syn/H-2013.03-SP5/auxx/gui/common/strokes/pkgIndex.tcl
/opt/synopsys/design_vision/syn/H-2013.03-SP5/auxx/gui/common/acg/pkgIndex.tcl
/opt/synopsys/design_vision/syn/H-2013.03-SP5/auxx/gui/common/fanoutviewer/pkgIndex.tcl
/opt/synopsys/design_vision/syn/H-2013.03-SP5/auxx/gui/common/tcl-dp/pkgIndex.tcl
/opt/synopsys/design_vision/syn/H-2013.03-SP5/auxx/gui/common/qtcl/pkgIndex.tcl
/opt/synopsys/design_vision/syn/H-2013.03-SP5/auxx/gui/common/timing/pkgIndex.tcl
/opt/synopsys/design_vision/syn/H-2013.03-SP5/auxx/gui/common/WindowFrameWork/pkgIndex.tcl
/opt/synopsys/design_vision/syn/H-2013.03-SP5/auxx/gui/common/schematic/pkgIndex.tcl
/opt/synopsys/design_vision/syn/H-2013.03-SP5/auxx/gui/common/highlight/pkgIndex.tcl
/opt/synopsys/design_vision/syn/H-2013.03-SP5/auxx/gui/common/setup/pkgIndex.tcl
/opt/synopsys/design_vision/syn/H-2013.03-SP5/auxx/gui/dv/pkgIndex.tcl
/opt/synopsys/design_vision/syn/H-2013.03-SP5/auxx/tcllib/snps_tcl/snpsTclPro/pkgIndex.tcl
/opt/synopsys/design_vision/syn/H-2013.03-SP5/auxx/tcllib/snps_tcl/snpsTest/pkgIndex.tcl
/opt/synopsys/design_vision/syn/H-2013.03-SP5/auxx/tcllib/snps_tcl/snpsUtils/pkgIndex.tcl
/opt/synopsys/design_vision/syn/H-2013.03-SP5/auxx/tcllib/snps_tcl/pkgIndex.tcl
/opt/synopsys/design_vision/syn/H-2013.03-SP5/auxx/tcllib/lib/tcl8.4/dde/pkgIndex.tcl
/opt/synopsys/design_vision/syn/H-2013.03-SP5/auxx/tcllib/lib/tcl8.4/tcltest/pkgIndex.tcl
/opt/synopsys/design_vision/syn/H-2013.03-SP5/auxx/tcllib/lib/tcl8.4/msgcat/pkgIndex.tcl
/opt/synopsys/design_vision/syn/H-2013.03-SP5/auxx/tcllib/lib/tcl8.4/opt/pkgIndex.tcl
/opt/synopsys/design_vision/syn/H-2013.03-SP5/auxx/tcllib/lib/tcl8.4/reg/pkgIndex.tcl
/opt/synopsys/design_vision/syn/H-2013.03-SP5/auxx/tcllib/lib/tcl8.4/http1.0/pkgIndex.tcl
/opt/synopsys/design_vision/syn/H-2013.03-SP5/auxx/tcllib/lib/tcl8.4/http/pkgIndex.tcl
/opt/synopsys/design_vision/syn/H-2013.03-SP5/auxx/gui/common/setup/snpsCommonSetup.tcl
/opt/synopsys/design_vision/syn/H-2013.03-SP5/auxx/gui/common/setup/snpsCustomize.tcl
/opt/synopsys/design_vision/syn/H-2013.03-SP5/auxx/gui/common/setup/snpsProcheck.tcl
/opt/synopsys/design_vision/syn/H-2013.03-SP5/auxx/gui/common/qtcl/.synopsys_qtcl.tcl
/opt/synopsys/design_vision/syn/H-2013.03-SP5/auxx/gui/common/highlight/highlight.tcl
/opt/synopsys/design_vision/syn/H-2013.03-SP5/auxx/gui/common/misc/base.tcl
/opt/synopsys/design_vision/syn/H-2013.03-SP5/auxx/gui/common/misc/timing.tcl
/opt/synopsys/design_vision/syn/H-2013.03-SP5/auxx/gui/common/misc/setting.tcl
/opt/synopsys/design_vision/syn/H-2013.03-SP5/auxx/gui/common/misc/preset.tcl
/opt/synopsys/design_vision/syn/H-2013.03-SP5/auxx/gui/common/WindowFrameWork/windowFrameWork.tcl
/opt/synopsys/design_vision/syn/H-2013.03-SP5/auxx/gui/common/WindowFrameWork/skipBusyCursorCmdList.tcl
/opt/synopsys/design_vision/syn/H-2013.03-SP5/auxx/gui/common/docBrowser/docBrowser.tcl
/opt/synopsys/design_vision/syn/H-2013.03-SP5/auxx/tcllib/snps_tcl/snpsUtils/snpsUtils.tcl
/opt/synopsys/design_vision/syn/H-2013.03-SP5/auxx/gui/common/dialogs/ObjectChooser.tcl
/opt/synopsys/design_vision/syn/H-2013.03-SP5/auxx/gui/common/misc/DialogObjectChooser.tcl
/opt/synopsys/design_vision/syn/H-2013.03-SP5/auxx/gui/common/dialogs/HistBinInformation.tcl
/opt/synopsys/design_vision/syn/H-2013.03-SP5/auxx/gui/common/dialogs/HistBin1Information.tcl
/opt/synopsys/design_vision/syn/H-2013.03-SP5/auxx/gui/common/dialogs/BinsOnlyInformation.tcl
/opt/synopsys/design_vision/syn/H-2013.03-SP5/auxx/gui/common/dialogs/FileChooser.tcl
/opt/synopsys/design_vision/syn/H-2013.03-SP5/auxx/gui/common/dialogs/PathPinSimpleInfo.tcl
/opt/synopsys/design_vision/syn/H-2013.03-SP5/auxx/gui/common/dialogs/PathsBasicInfo.tcl
/opt/synopsys/design_vision/syn/H-2013.03-SP5/auxx/gui/common/dialogs/PathsBasicSimpleInfo.tcl
/opt/synopsys/design_vision/syn/H-2013.03-SP5/auxx/gui/common/dialogs/SlctOperationInfo.tcl
/opt/synopsys/design_vision/syn/H-2013.03-SP5/auxx/gui/common/dialogs/ObjectListInfo.tcl
/opt/synopsys/design_vision/syn/H-2013.03-SP5/auxx/gui/common/dialogs/FanInOutInfo.tcl
/opt/synopsys/design_vision/syn/H-2013.03-SP5/auxx/gui/common/dialogs/NumberOfLevelsChooser.tcl
/opt/synopsys/design_vision/syn/H-2013.03-SP5/auxx/gui/common/dialogs/WindowReuseInfo.tcl
/opt/synopsys/design_vision/syn/H-2013.03-SP5/auxx/gui/common/dialogs/ReportOutputOptionInfo.tcl
/opt/synopsys/design_vision/syn/H-2013.03-SP5/auxx/gui/common/setup/snpsCollections.tcl
/opt/synopsys/design_vision/syn/H-2013.03-SP5/auxx/gui/common/dialogs/CompileLinkDesign.tcl
/opt/synopsys/design_vision/syn/H-2013.03-SP5/auxx/gui/common/histogram/DialogEndpointSlack.tcl
/opt/synopsys/design_vision/syn/H-2013.03-SP5/auxx/gui/common/histogram/DialogPathsSlack.tcl
/opt/synopsys/design_vision/syn/H-2013.03-SP5/auxx/gui/common/histogram/DialogNetCapacitance.tcl
/opt/synopsys/design_vision/syn/H-2013.03-SP5/auxx/gui/common/schematic/DialogPathSchematicFanInOut.tcl
/opt/synopsys/design_vision/syn/H-2013.03-SP5/auxx/gui/common/schematic/DialogPathSchematicAddPaths.tcl
/opt/synopsys/design_vision/syn/H-2013.03-SP5/auxx/tcllib/lib/tk8.4/tk.tcl
/opt/synopsys/design_vision/syn/H-2013.03-SP5/auxx/tcllib/lib/tcl8.4/msgcat/msgcat.tcl
/opt/synopsys/design_vision/syn/H-2013.03-SP5/auxx/tcllib/lib/tk8.4/button.tcl
/opt/synopsys/design_vision/syn/H-2013.03-SP5/auxx/tcllib/lib/tk8.4/entry.tcl
/opt/synopsys/design_vision/syn/H-2013.03-SP5/auxx/tcllib/lib/tk8.4/listbox.tcl
/opt/synopsys/design_vision/syn/H-2013.03-SP5/auxx/tcllib/lib/tk8.4/menu.tcl
/opt/synopsys/design_vision/syn/H-2013.03-SP5/auxx/tcllib/lib/tk8.4/panedwindow.tcl
/opt/synopsys/design_vision/syn/H-2013.03-SP5/auxx/tcllib/lib/tk8.4/scale.tcl
/opt/synopsys/design_vision/syn/H-2013.03-SP5/auxx/tcllib/lib/tk8.4/scrlbar.tcl
/opt/synopsys/design_vision/syn/H-2013.03-SP5/auxx/tcllib/lib/tk8.4/spinbox.tcl
/opt/synopsys/design_vision/syn/H-2013.03-SP5/auxx/tcllib/lib/tk8.4/text.tcl
/opt/synopsys/design_vision/syn/H-2013.03-SP5/auxx/tcllib/lib/tix8.1.4/Init.tcl
/opt/synopsys/design_vision/syn/H-2013.03-SP5/auxx/tcllib/lib/tix8.1.4/Version.tcl
/opt/synopsys/design_vision/syn/H-2013.03-SP5/auxx/tcllib/lib/tix8.1.4/UnixFile.tcl
/opt/synopsys/design_vision/syn/H-2013.03-SP5/auxx/tcllib/lib/tix8.1.4/Tix.tcl
/opt/synopsys/design_vision/syn/H-2013.03-SP5/auxx/tcllib/lib/tix8.1.4/fs.tcl
/opt/synopsys/design_vision/syn/H-2013.03-SP5/auxx/tcllib/lib/tix8.1.4/pref/WmDefault.fsc
/opt/synopsys/design_vision/syn/H-2013.03-SP5/auxx/tcllib/lib/tix8.1.4/pref/pkgIndex.tcl
/opt/synopsys/design_vision/syn/H-2013.03-SP5/auxx/gui/syn/layout/pkgIndex.tcl
/opt/synopsys/design_vision/syn/H-2013.03-SP5/auxx/gui/common/table/pkgIndex.tcl
/opt/synopsys/design_vision/syn/H-2013.03-SP5/auxx/gui/common/docBrowser/pkgIndex.tcl
/opt/synopsys/design_vision/syn/H-2013.03-SP5/auxx/gui/common/pathinspector/pkgIndex.tcl
/opt/synopsys/design_vision/syn/H-2013.03-SP5/auxx/gui/common/opdlg/pkgIndex.tcl
/opt/synopsys/design_vision/syn/H-2013.03-SP5/auxx/gui/common/regressionToolkit/pkgIndex.tcl
/opt/synopsys/design_vision/syn/H-2013.03-SP5/auxx/gui/common/dialogs/pkgIndex.tcl
/opt/synopsys/design_vision/syn/H-2013.03-SP5/auxx/gui/common/select/pkgIndex.tcl
/opt/synopsys/design_vision/syn/H-2013.03-SP5/auxx/gui/common/hierarchy/pkgIndex.tcl
/opt/synopsys/design_vision/syn/H-2013.03-SP5/auxx/gui/common/menus/pkgIndex.tcl
/opt/synopsys/design_vision/syn/H-2013.03-SP5/auxx/gui/common/libviewer/pkgIndex.tcl
/opt/synopsys/design_vision/syn/H-2013.03-SP5/auxx/gui/common/profiler/pkgIndex.tcl
/opt/synopsys/design_vision/syn/H-2013.03-SP5/auxx/gui/common/view/pkgIndex.tcl
/opt/synopsys/design_vision/syn/H-2013.03-SP5/auxx/gui/common/histogram/pkgIndex.tcl
/opt/synopsys/design_vision/syn/H-2013.03-SP5/auxx/gui/common/misc/pkgIndex.tcl
/opt/synopsys/design_vision/syn/H-2013.03-SP5/auxx/gui/common/layout/pkgIndex.tcl
/opt/synopsys/design_vision/syn/H-2013.03-SP5/auxx/gui/common/strokes/pkgIndex.tcl
/opt/synopsys/design_vision/syn/H-2013.03-SP5/auxx/gui/common/acg/pkgIndex.tcl
/opt/synopsys/design_vision/syn/H-2013.03-SP5/auxx/gui/common/fanoutviewer/pkgIndex.tcl
/opt/synopsys/design_vision/syn/H-2013.03-SP5/auxx/gui/common/tcl-dp/pkgIndex.tcl
/opt/synopsys/design_vision/syn/H-2013.03-SP5/auxx/gui/common/qtcl/pkgIndex.tcl
/opt/synopsys/design_vision/syn/H-2013.03-SP5/auxx/gui/common/timing/pkgIndex.tcl
/opt/synopsys/design_vision/syn/H-2013.03-SP5/auxx/gui/common/WindowFrameWork/pkgIndex.tcl
/opt/synopsys/design_vision/syn/H-2013.03-SP5/auxx/gui/common/schematic/pkgIndex.tcl
/opt/synopsys/design_vision/syn/H-2013.03-SP5/auxx/gui/common/highlight/pkgIndex.tcl
/opt/synopsys/design_vision/syn/H-2013.03-SP5/auxx/gui/common/setup/pkgIndex.tcl
/opt/synopsys/design_vision/syn/H-2013.03-SP5/auxx/gui/dv/pkgIndex.tcl
/opt/synopsys/design_vision/syn/H-2013.03-SP5/auxx/tcllib/snps_tcl/snpsTclPro/pkgIndex.tcl
/opt/synopsys/design_vision/syn/H-2013.03-SP5/auxx/tcllib/snps_tcl/snpsTest/pkgIndex.tcl
/opt/synopsys/design_vision/syn/H-2013.03-SP5/auxx/tcllib/snps_tcl/snpsUtils/pkgIndex.tcl
/opt/synopsys/design_vision/syn/H-2013.03-SP5/auxx/tcllib/snps_tcl/pkgIndex.tcl
/opt/synopsys/design_vision/syn/H-2013.03-SP5/auxx/tcllib/lib/tcl8.4/dde/pkgIndex.tcl
/opt/synopsys/design_vision/syn/H-2013.03-SP5/auxx/tcllib/lib/tcl8.4/tcltest/pkgIndex.tcl
/opt/synopsys/design_vision/syn/H-2013.03-SP5/auxx/tcllib/lib/tcl8.4/msgcat/pkgIndex.tcl
/opt/synopsys/design_vision/syn/H-2013.03-SP5/auxx/tcllib/lib/tcl8.4/opt/pkgIndex.tcl
/opt/synopsys/design_vision/syn/H-2013.03-SP5/auxx/tcllib/lib/tcl8.4/reg/pkgIndex.tcl
/opt/synopsys/design_vision/syn/H-2013.03-SP5/auxx/tcllib/lib/tcl8.4/http1.0/pkgIndex.tcl
/opt/synopsys/design_vision/syn/H-2013.03-SP5/auxx/tcllib/lib/tcl8.4/http/pkgIndex.tcl
/opt/synopsys/design_vision/syn/H-2013.03-SP5/auxx/tcllib/lib/tix8.1.4/pref/WmDefault.tcl
/opt/synopsys/design_vision/syn/H-2013.03-SP5/auxx/tcllib/lib/tix8.1.4/pref/WmDefault.csc
/opt/synopsys/design_vision/syn/H-2013.03-SP5/auxx/tcllib/lib/tix8.1.4/HList.tcl
/opt/synopsys/design_vision/syn/H-2013.03-SP5/auxx/tcllib/lib/tk8.4/unsupported.tcl
/opt/synopsys/design_vision/syn/H-2013.03-SP5/auxx/tcllib/lib/tix8.1.4/Event.tcl
/opt/synopsys/design_vision/syn/H-2013.03-SP5/auxx/tcllib/lib/tix8.1.4/TList.tcl
/opt/synopsys/design_vision/syn/H-2013.03-SP5/auxx/tcllib/lib/tix8.1.4/Grid.tcl
/opt/synopsys/design_vision/syn/H-2013.03-SP5/auxx/tcllib/lib/tix8.1.4/ComboBox.tcl
/opt/synopsys/design_vision/syn/H-2013.03-SP5/auxx/tcllib/lib/tix8.1.4/LabWidg.tcl
/opt/synopsys/design_vision/syn/H-2013.03-SP5/auxx/tcllib/lib/tix8.1.4/Primitiv.tcl
/opt/synopsys/design_vision/syn/H-2013.03-SP5/auxx/tcllib/lib/tix8.1.4/Control.tcl
/opt/synopsys/design_vision/syn/H-2013.03-SP5/auxx/tcllib/lib/tix8.1.4/FloatEnt.tcl
/opt/synopsys/design_vision/syn/H-2013.03-SP5/auxx/tcllib/lib/tix8.1.4/LabEntry.tcl
/opt/synopsys/design_vision/syn/H-2013.03-SP5/auxx/tcllib/lib/tix8.1.4/SGrid.tcl
/opt/synopsys/design_vision/syn/H-2013.03-SP5/auxx/tcllib/lib/tix8.1.4/SWidget.tcl
/opt/synopsys/design_vision/syn/H-2013.03-SP5/auxx/tcllib/lib/tix8.1.4/SListBox.tcl
/opt/synopsys/design_vision/syn/H-2013.03-SP5/auxx/gui/common/histogram/base.tcl
/opt/synopsys/design_vision/syn/H-2013.03-SP5/auxx/gui/common/profiler/base.tcl
/opt/synopsys/design_vision/syn/H-2013.03-SP5/auxx/gui/common/schematic/base.tcl
/opt/synopsys/design_vision/syn/H-2013.03-SP5/auxx/gui/common/select/baseInternal.tcl
/opt/synopsys/design_vision/syn/H-2013.03-SP5/auxx/gui/common/schematic/enable.tcl
/opt/synopsys/design_vision/syn/H-2013.03-SP5/auxx/gui/common/schematic/netlist.tcl
/opt/synopsys/design_vision/syn/H-2013.03-SP5/auxx/gui/common/schematic/method.tcl
/opt/synopsys/design_vision/syn/H-2013.03-SP5/auxx/gui/common/misc/createViewType.tcl
/opt/synopsys/design_vision/syn/H-2013.03-SP5/auxx/gui/common/menus/base.tcl
/opt/synopsys/design_vision/syn/H-2013.03-SP5/auxx/gui/common/libviewer/base.tcl
/opt/synopsys/design_vision/syn/H-2013.03-SP5/auxx/gui/common/misc/viewmgr.tcl
/opt/synopsys/design_vision/syn/H-2013.03-SP5/auxx/gui/common/pathinspector/base.tcl
/opt/synopsys/design_vision/syn/H-2013.03-SP5/auxx/gui/common/pathinspector/create_window_and_menu.tcl
/opt/synopsys/design_vision/syn/H-2013.03-SP5/auxx/gui/dv/dv_path_cat_view.tcl
/opt/synopsys/design_vision/syn/H-2013.03-SP5/auxx/gui/common/table/table.tcl
/opt/synopsys/design_vision/syn/H-2013.03-SP5/auxx/gui/common/table/table_internal.tcl
/opt/synopsys/design_vision/syn/H-2013.03-SP5/auxx/gui/common/misc/infotip.tcl
/opt/synopsys/design_vision/syn/H-2013.03-SP5/auxx/gui/common/misc/viewporthistory.tcl
/net/netud/s/anevelesbats/Second_Year/EN206/vga_lcd/syn/synopsys_dc.setup
/net/netud/s/anevelesbats/Second_Year/EN206/vga_lcd/rtl/vhdl/counter.vhd
/net/netud/s/anevelesbats/Second_Year/EN206/vga_lcd/rtl/vhdl/csm_pb.vhd
/net/netud/s/anevelesbats/Second_Year/EN206/vga_lcd/rtl/vhdl/dpm.vhd
/net/netud/s/anevelesbats/Second_Year/EN206/vga_lcd/rtl/vhdl/fifo_dc.vhd
/net/netud/s/anevelesbats/Second_Year/EN206/vga_lcd/rtl/vhdl/counter.vhd
/net/netud/s/anevelesbats/Second_Year/EN206/vga_lcd/rtl/vhdl/vtim.vhd
/net/netud/s/anevelesbats/Second_Year/EN206/vga_lcd/rtl/vhdl/tgen.vhd
/net/netud/s/anevelesbats/Second_Year/EN206/vga_lcd/rtl/vhdl/pgen.vhd
/net/netud/s/anevelesbats/Second_Year/EN206/vga_lcd/rtl/vhdl/colproc.vhd
/net/netud/s/anevelesbats/Second_Year/EN206/vga_lcd/rtl/vhdl/fifo.vhd
/net/netud/s/anevelesbats/Second_Year/EN206/vga_lcd/rtl/vhdl/wb_master.vhd
/net/netud/s/anevelesbats/Second_Year/EN206/vga_lcd/rtl/vhdl/wb_slave.vhd
/net/netud/s/anevelesbats/Second_Year/EN206/vga_lcd/rtl/vhdl/vga.vhd
/net/netud/s/anevelesbats/Second_Year/EN206/vga_lcd/rtl/vhdl/vga_and_clut.vhd
/net/netud/s/anevelesbats/Second_Year/EN206/vga_lcd/rtl/vhdl/vga_and_clut_tstbench.vhd
/opt/ams/synopsys/c35_3.3V/c35_CORELIB_WC.db
/opt/synopsys/design_vision/syn/H-2013.03-SP5/libraries/syn/gtech.db
/opt/synopsys/design_vision/syn/H-2013.03-SP5/libraries/syn/standard.sldb
/opt/synopsys/design_vision/syn/H-2013.03-SP5/libraries/syn/generic.sdb
/net/netud/s/anevelesbats/synopsys_cache_H-2013.03-SP5/DW01/DW01_NAND2/str/c35_CORELIB_WC_8381_8167_9206/element.ddc
/net/netud/s/anevelesbats/synopsys_cache_H-2013.03-SP5/DW01/DW01_inc/rpl/30/c35_CORELIB_WC_8381/element.ddc
/net/netud/s/anevelesbats/synopsys_cache_H-2013.03-SP5/DW01/DW01_dec/rpl/17/c35_CORELIB_WC_8381/element.ddc
/net/netud/s/anevelesbats/synopsys_cache_H-2013.03-SP5/DW01/DW01_sub/rpl/8/c35_CORELIB_WC_8381/element.ddc
/net/netud/s/anevelesbats/synopsys_cache_H-2013.03-SP5/DW01/DW01_inc/rpl/8/c35_CORELIB_WC_8381/element.ddc
/net/netud/s/anevelesbats/synopsys_cache_H-2013.03-SP5/DW01/DW01_inc/cla/8/c35_CORELIB_WC_8381/element.ddc
/opt/ams/synopsys/c35_3.3V/c35_CORELIB_WC.db
/opt/ams/synopsys/c35_3.3V/c35_CORELIB_WC.db
/net/netud/s/anevelesbats/Second_Year/EN206/vga_lcd/syn/synopsys_dc.setup
/net/netud/s/anevelesbats/synopsys_cache_H-2013.03-SP5/DW01/DW01_inc/rpl/3/c35_CORELIB_WC_8381/element.ddc
/net/netud/s/anevelesbats/synopsys_cache_H-2013.03-SP5/DW01/DW01_dec/rpl/2/c35_CORELIB_WC_8381/element.ddc
/net/netud/s/anevelesbats/synopsys_cache_H-2013.03-SP5/DW01/DW01_inc/rpl/4/c35_CORELIB_WC_8381/element.ddc
/net/netud/s/anevelesbats/synopsys_cache_H-2013.03-SP5/DW01/DW01_dec/rpl/4/c35_CORELIB_WC_8381/element.ddc
/net/netud/s/anevelesbats/synopsys_cache_H-2013.03-SP5/DW01/DW01_cmp2/rpl/9/c35_CORELIB_WC_8381/element.ddc
/net/netud/s/anevelesbats/synopsys_cache_H-2013.03-SP5/DW01/DW01_sub/rpl/8/c35_CORELIB_WC_8381/element.ddc
/net/netud/s/anevelesbats/synopsys_cache_H-2013.03-SP5/DW01/DW01_cmp6/rpl/8/c35_CORELIB_WC_8381/element.ddc
/net/netud/s/anevelesbats/synopsys_cache_H-2013.03-SP5/DW01/DW01_inc/rpl/8/c35_CORELIB_WC_8381/element.ddc
/net/netud/s/anevelesbats/synopsys_cache_H-2013.03-SP5/DW01/DW01_sub/rpl/17/c35_CORELIB_WC_8381/element.ddc
/net/netud/s/anevelesbats/synopsys_cache_H-2013.03-SP5/DW01/DW01_add/rpl/17/c35_CORELIB_WC_8381/element.ddc
/net/netud/s/anevelesbats/synopsys_cache_H-2013.03-SP5/DW01/DW01_sub/rpl/9/c35_CORELIB_WC_8381/element.ddc
/net/netud/s/anevelesbats/synopsys_cache_H-2013.03-SP5/DW01/DW01_add/rpl/9/c35_CORELIB_WC_8381/element.ddc
/net/netud/s/anevelesbats/synopsys_cache_H-2013.03-SP5/DW01/DW01_inc/rpl/30/c35_CORELIB_WC_8381/element.ddc
/net/netud/s/anevelesbats/synopsys_cache_H-2013.03-SP5/DW01/DW01_dec/rpl/17/c35_CORELIB_WC_8381/element.ddc
/net/netud/s/anevelesbats/synopsys_cache_H-2013.03-SP5/DW01/DW01_add/rpl/4/c35_CORELIB_WC_8381_8167_9206/element.ddc
/net/netud/s/anevelesbats/synopsys_cache_H-2013.03-SP5/DW01/DW01_add/cla/4/c35_CORELIB_WC_8381_8167_9206/element.ddc
/net/netud/s/anevelesbats/synopsys_cache_H-2013.03-SP5/DW01/DW01_sub/rpl/4/c35_CORELIB_WC_8381_8167_9206/element.ddc
/net/netud/s/anevelesbats/synopsys_cache_H-2013.03-SP5/DW01/DW01_sub/cla/4/c35_CORELIB_WC_8381_8167_9206/element.ddc
/net/netud/s/anevelesbats/synopsys_cache_H-2013.03-SP5/DW01/DW01_add/rpl/5/c35_CORELIB_WC_8381_8167_9206/element.ddc
/net/netud/s/anevelesbats/synopsys_cache_H-2013.03-SP5/DW01/DW01_add/cla/5/c35_CORELIB_WC_8381_8167_9206/element.ddc
/net/netud/s/anevelesbats/synopsys_cache_H-2013.03-SP5/DW01/DW01_sub/rpl/5/c35_CORELIB_WC_8381_8167_9206/element.ddc
/net/netud/s/anevelesbats/synopsys_cache_H-2013.03-SP5/DW01/DW01_sub/cla/5/c35_CORELIB_WC_8381_8167_9206/element.ddc
/net/netud/s/anevelesbats/synopsys_cache_H-2013.03-SP5/DW01/DW01_sub/rpl/4/c35_CORELIB_WC_8381/element.ddc
/net/netud/s/anevelesbats/synopsys_cache_H-2013.03-SP5/DW01/DW01_add/rpl/4/c35_CORELIB_WC_8381/element.ddc
/net/netud/s/anevelesbats/synopsys_cache_H-2013.03-SP5/DW01/DW01_add/rpl/5/c35_CORELIB_WC_8381/element.ddc
/net/netud/s/anevelesbats/synopsys_cache_H-2013.03-SP5/DW01/DW01_sub/rpl/5/c35_CORELIB_WC_8381/element.ddc
/net/netud/s/anevelesbats/synopsys_cache_H-2013.03-SP5/DW01/DW01_inc/rpl/30/c35_CORELIB_WC_8381_3452_9206/element.ddc
/net/netud/s/anevelesbats/synopsys_cache_H-2013.03-SP5/DW01/DW01_inc/cla/30/c35_CORELIB_WC_8381/element.ddc
/net/netud/s/anevelesbats/synopsys_cache_H-2013.03-SP5/DW01/DW01_inc/cla/30/c35_CORELIB_WC_8381_3452_9206/element.ddc
/net/netud/s/anevelesbats/synopsys_cache_H-2013.03-SP5/DW01/DW01_dec/rpl/17/c35_CORELIB_WC_8381_3452_9206/element.ddc
/net/netud/s/anevelesbats/synopsys_cache_H-2013.03-SP5/DW01/DW01_dec/cla/17/c35_CORELIB_WC_8381/element.ddc
/net/netud/s/anevelesbats/synopsys_cache_H-2013.03-SP5/DW01/DW01_dec/cla/17/c35_CORELIB_WC_8381_3452_9206/element.ddc
/opt/ams/synopsys/c35_3.3V/c35_CORELIB_WC.db
/opt/ams/synopsys/c35_3.3V/c35_CORELIB_WC.db
/net/netud/s/anevelesbats/Second_Year/EN206/vga_lcd/syn/synopsys_dc.setup
/net/netud/s/anevelesbats/synopsys_cache_H-2013.03-SP5/DW01/DW01_inc/rpl/3/c35_CORELIB_WC_8381/element.ddc
/net/netud/s/anevelesbats/synopsys_cache_H-2013.03-SP5/DW01/DW01_dec/rpl/2/c35_CORELIB_WC_8381/element.ddc
/net/netud/s/anevelesbats/synopsys_cache_H-2013.03-SP5/DW01/DW01_inc/rpl/4/c35_CORELIB_WC_8381/element.ddc
/net/netud/s/anevelesbats/synopsys_cache_H-2013.03-SP5/DW01/DW01_dec/rpl/4/c35_CORELIB_WC_8381/element.ddc
/net/netud/s/anevelesbats/synopsys_cache_H-2013.03-SP5/DW01/DW01_cmp2/rpl/9/c35_CORELIB_WC_8381/element.ddc
/net/netud/s/anevelesbats/synopsys_cache_H-2013.03-SP5/DW01/DW01_sub/rpl/8/c35_CORELIB_WC_8381/element.ddc
/net/netud/s/anevelesbats/synopsys_cache_H-2013.03-SP5/DW01/DW01_cmp6/rpl/8/c35_CORELIB_WC_8381/element.ddc
/net/netud/s/anevelesbats/synopsys_cache_H-2013.03-SP5/DW01/DW01_inc/rpl/8/c35_CORELIB_WC_8381/element.ddc
/net/netud/s/anevelesbats/synopsys_cache_H-2013.03-SP5/DW01/DW01_sub/rpl/17/c35_CORELIB_WC_8381/element.ddc
/net/netud/s/anevelesbats/synopsys_cache_H-2013.03-SP5/DW01/DW01_add/rpl/17/c35_CORELIB_WC_8381/element.ddc
/net/netud/s/anevelesbats/synopsys_cache_H-2013.03-SP5/DW01/DW01_sub/rpl/9/c35_CORELIB_WC_8381/element.ddc
/net/netud/s/anevelesbats/synopsys_cache_H-2013.03-SP5/DW01/DW01_add/rpl/9/c35_CORELIB_WC_8381/element.ddc
/net/netud/s/anevelesbats/synopsys_cache_H-2013.03-SP5/DW01/DW01_inc/rpl/30/c35_CORELIB_WC_8381/element.ddc
/net/netud/s/anevelesbats/synopsys_cache_H-2013.03-SP5/DW01/DW01_dec/rpl/17/c35_CORELIB_WC_8381/element.ddc
/net/netud/s/anevelesbats/synopsys_cache_H-2013.03-SP5/DW01/DW01_add/rpl/4/c35_CORELIB_WC_8381_8167_9206/element.ddc
/net/netud/s/anevelesbats/synopsys_cache_H-2013.03-SP5/DW01/DW01_add/cla/4/c35_CORELIB_WC_8381_8167_9206/element.ddc
/net/netud/s/anevelesbats/synopsys_cache_H-2013.03-SP5/DW01/DW01_sub/rpl/4/c35_CORELIB_WC_8381_8167_9206/element.ddc
/net/netud/s/anevelesbats/synopsys_cache_H-2013.03-SP5/DW01/DW01_sub/cla/4/c35_CORELIB_WC_8381_8167_9206/element.ddc
/net/netud/s/anevelesbats/synopsys_cache_H-2013.03-SP5/DW01/DW01_add/rpl/5/c35_CORELIB_WC_8381_8167_9206/element.ddc
/net/netud/s/anevelesbats/synopsys_cache_H-2013.03-SP5/DW01/DW01_add/cla/5/c35_CORELIB_WC_8381_8167_9206/element.ddc
/net/netud/s/anevelesbats/synopsys_cache_H-2013.03-SP5/DW01/DW01_sub/rpl/5/c35_CORELIB_WC_8381_8167_9206/element.ddc
/net/netud/s/anevelesbats/synopsys_cache_H-2013.03-SP5/DW01/DW01_sub/cla/5/c35_CORELIB_WC_8381_8167_9206/element.ddc
/net/netud/s/anevelesbats/synopsys_cache_H-2013.03-SP5/DW01/DW01_sub/rpl/4/c35_CORELIB_WC_8381/element.ddc
/net/netud/s/anevelesbats/synopsys_cache_H-2013.03-SP5/DW01/DW01_add/rpl/4/c35_CORELIB_WC_8381/element.ddc
/net/netud/s/anevelesbats/synopsys_cache_H-2013.03-SP5/DW01/DW01_add/rpl/5/c35_CORELIB_WC_8381/element.ddc
/net/netud/s/anevelesbats/synopsys_cache_H-2013.03-SP5/DW01/DW01_sub/rpl/5/c35_CORELIB_WC_8381/element.ddc
/opt/ams/synopsys/c35_3.3V/c35_CORELIB_WC.db
/opt/ams/synopsys/c35_3.3V/c35_CORELIB_WC.db
