###############################################################
#  Generated by:      Cadence Encounter 13.13-s017_1
#  OS:                Linux x86_64(Host ID 24p105-03)
#  Generated on:      Fri Nov 29 11:10:03 2024
#  Design:            VGA
#  Command:           verifyConnectivity -type regular -error 1000 -warning ...
###############################################################
Verify Connectivity Report is created on Fri Nov 29 11:10:03 2024



Net u2/RGB_buf/FE_OFN2043_n159: no routing
Net u4/mem/FE_OFN2042_n10030: no routing
Net u4/mem/FE_OFN2041_n8460: no routing
Net u2/RGB_buf/FE_OFN2040_RGBbuf_d_9: no routing
Net u2/color_proc/FE_RN_49_0: no routing
Net u2/color_proc/FE_RN_48_0: no routing
Net u2/color_proc/FE_RN_47_0: no routing
Net u2/add_296/FE_RN_46_0: no routing
Net u2/add_296/FE_RN_45_0: no routing
Net u2/color_proc/FE_RN_44_0: no routing
Net u2/color_proc/FE_RN_43_0: no routing
Net u2/color_proc/FE_RN_42_0: no routing
Net CLK_I__N0: no routing
Net CLK_I__L7_N542: no routing
Net CLK_I__L7_N541: no routing
Net CLK_I__L7_N540: no routing
Net CLK_I__L7_N539: no routing
Net CLK_I__L7_N538: no routing
Net CLK_I__L7_N537: no routing
Net CLK_I__L7_N536: no routing
Net CLK_I__L7_N535: no routing
Net CLK_I__L7_N534: no routing
Net CLK_I__L7_N533: no routing
Net CLK_I__L7_N532: no routing
Net CLK_I__L7_N531: no routing
Net CLK_I__L7_N530: no routing
Net CLK_I__L7_N529: no routing
Net CLK_I__L7_N528: no routing
Net CLK_I__L7_N527: no routing
Net CLK_I__L7_N526: no routing
Net CLK_I__L7_N525: no routing
Net CLK_I__L7_N524: no routing
Net CLK_I__L7_N523: no routing
Net CLK_I__L7_N522: no routing
Net CLK_I__L7_N521: no routing
Net CLK_I__L7_N520: no routing
Net CLK_I__L7_N519: no routing
Net CLK_I__L7_N518: no routing
Net CLK_I__L7_N517: no routing
Net CLK_I__L7_N516: no routing
Net CLK_I__L7_N515: no routing
Net CLK_I__L7_N514: no routing
Net CLK_I__L7_N513: no routing
Net CLK_I__L7_N512: no routing
Net CLK_I__L7_N511: no routing
Net CLK_I__L7_N510: no routing
Net CLK_I__L7_N509: no routing
Net CLK_I__L7_N508: no routing
Net CLK_I__L7_N507: no routing
Net CLK_I__L7_N506: no routing
Net CLK_I__L7_N505: no routing
Net CLK_I__L7_N504: no routing
Net CLK_I__L7_N503: no routing
Net CLK_I__L7_N502: no routing
Net CLK_I__L7_N501: no routing
Net CLK_I__L7_N500: no routing
Net CLK_I__L7_N499: no routing
Net CLK_I__L7_N498: no routing
Net CLK_I__L7_N497: no routing
Net CLK_I__L7_N496: no routing
Net CLK_I__L7_N495: no routing
Net CLK_I__L7_N494: no routing
Net CLK_I__L7_N493: no routing
Net CLK_I__L7_N492: no routing
Net CLK_I__L7_N491: no routing
Net CLK_I__L7_N490: no routing
Net CLK_I__L7_N489: no routing
Net CLK_I__L7_N488: no routing
Net CLK_I__L7_N487: no routing
Net CLK_I__L7_N486: no routing
Net CLK_I__L7_N485: no routing
Net CLK_I__L7_N484: no routing
Net CLK_I__L7_N483: no routing
Net CLK_I__L7_N482: no routing
Net CLK_I__L7_N481: no routing
Net CLK_I__L7_N480: no routing
Net CLK_I__L7_N479: no routing
Net CLK_I__L7_N478: no routing
Net CLK_I__L7_N477: no routing
Net CLK_I__L7_N476: no routing
Net CLK_I__L7_N475: no routing
Net CLK_I__L7_N474: no routing
Net CLK_I__L7_N473: no routing
Net CLK_I__L7_N472: no routing
Net CLK_I__L7_N471: no routing
Net CLK_I__L7_N470: no routing
Net CLK_I__L7_N469: no routing
Net CLK_I__L7_N468: no routing
Net CLK_I__L7_N467: no routing
Net CLK_I__L7_N466: no routing
Net CLK_I__L7_N465: no routing
Net CLK_I__L7_N464: no routing
Net CLK_I__L7_N463: no routing
Net CLK_I__L7_N462: no routing
Net CLK_I__L7_N461: no routing
Net CLK_I__L7_N460: no routing
Net CLK_I__L7_N459: no routing
Net CLK_I__L7_N458: no routing
Net CLK_I__L7_N457: no routing
Net CLK_I__L7_N456: no routing
Net CLK_I__L7_N455: no routing
Net CLK_I__L7_N454: no routing
Net CLK_I__L7_N453: no routing
Net CLK_I__L7_N452: no routing
Net CLK_I__L7_N451: no routing
Net CLK_I__L7_N450: no routing
Net CLK_I__L7_N449: no routing
Net CLK_I__L7_N448: no routing
Net CLK_I__L7_N447: no routing
Net CLK_I__L7_N446: no routing
Net CLK_I__L7_N445: no routing
Net CLK_I__L7_N444: no routing
Net CLK_I__L7_N443: no routing
Net CLK_I__L7_N442: no routing
Net CLK_I__L7_N441: no routing
Net CLK_I__L7_N440: no routing
Net CLK_I__L7_N439: no routing
Net CLK_I__L7_N438: no routing
Net CLK_I__L7_N437: no routing
Net CLK_I__L7_N436: no routing
Net CLK_I__L7_N435: no routing
Net CLK_I__L7_N434: no routing
Net CLK_I__L7_N433: no routing
Net CLK_I__L7_N432: no routing
Net CLK_I__L7_N431: no routing
Net CLK_I__L7_N430: no routing
Net CLK_I__L7_N429: no routing
Net CLK_I__L7_N428: no routing
Net CLK_I__L7_N427: no routing
Net CLK_I__L7_N426: no routing
Net CLK_I__L7_N425: no routing
Net CLK_I__L7_N424: no routing
Net CLK_I__L7_N423: no routing
Net CLK_I__L7_N422: no routing
Net CLK_I__L7_N421: no routing
Net CLK_I__L7_N420: no routing
Net CLK_I__L7_N419: no routing
Net CLK_I__L7_N418: no routing
Net CLK_I__L7_N417: no routing
Net CLK_I__L7_N416: no routing
Net CLK_I__L7_N415: no routing
Net CLK_I__L7_N414: no routing
Net CLK_I__L7_N413: no routing
Net CLK_I__L7_N412: no routing
Net CLK_I__L7_N411: no routing
Net CLK_I__L7_N410: no routing
Net CLK_I__L7_N409: no routing
Net CLK_I__L7_N408: no routing
Net CLK_I__L7_N407: no routing
Net CLK_I__L7_N406: no routing
Net CLK_I__L7_N405: no routing
Net CLK_I__L7_N404: no routing
Net CLK_I__L7_N403: no routing
Net CLK_I__L7_N402: no routing
Net CLK_I__L7_N401: no routing
Net CLK_I__L7_N400: no routing
Net CLK_I__L7_N399: no routing
Net CLK_I__L7_N398: no routing
Net CLK_I__L7_N397: no routing
Net CLK_I__L7_N396: no routing
Net CLK_I__L7_N395: no routing
Net CLK_I__L7_N394: no routing
Net CLK_I__L7_N393: no routing
Net CLK_I__L7_N392: no routing
Net CLK_I__L7_N391: no routing
Net CLK_I__L7_N390: no routing
Net CLK_I__L7_N389: no routing
Net CLK_I__L7_N388: no routing
Net CLK_I__L7_N387: no routing
Net CLK_I__L7_N386: no routing
Net CLK_I__L7_N385: no routing
Net CLK_I__L7_N384: no routing
Net CLK_I__L7_N383: no routing
Net CLK_I__L7_N382: no routing
Net CLK_I__L7_N381: no routing
Net CLK_I__L7_N380: no routing
Net CLK_I__L7_N379: no routing
Net CLK_I__L7_N378: no routing
Net CLK_I__L7_N377: no routing
Net CLK_I__L7_N376: no routing
Net CLK_I__L7_N375: no routing
Net CLK_I__L7_N374: no routing
Net CLK_I__L7_N373: no routing
Net CLK_I__L7_N372: no routing
Net CLK_I__L7_N371: no routing
Net CLK_I__L7_N370: no routing
Net CLK_I__L7_N369: no routing
Net CLK_I__L7_N368: no routing
Net CLK_I__L7_N367: no routing
Net CLK_I__L7_N366: no routing
Net CLK_I__L7_N365: no routing
Net CLK_I__L7_N364: no routing
Net CLK_I__L7_N363: no routing
Net CLK_I__L7_N362: no routing
Net CLK_I__L7_N361: no routing
Net CLK_I__L7_N360: no routing
Net CLK_I__L7_N359: no routing
Net CLK_I__L7_N358: no routing
Net CLK_I__L7_N357: no routing
Net CLK_I__L7_N356: no routing
Net CLK_I__L7_N355: no routing
Net CLK_I__L7_N354: no routing
Net CLK_I__L7_N353: no routing
Net CLK_I__L7_N352: no routing
Net CLK_I__L7_N351: no routing
Net CLK_I__L7_N350: no routing
Net CLK_I__L7_N349: no routing
Net CLK_I__L7_N348: no routing
Net CLK_I__L7_N347: no routing
Net CLK_I__L7_N346: no routing
Net CLK_I__L7_N345: no routing
Net CLK_I__L7_N344: no routing
Net CLK_I__L7_N343: no routing
Net CLK_I__L7_N342: no routing
Net CLK_I__L7_N341: no routing
Net CLK_I__L7_N340: no routing
Net CLK_I__L7_N339: no routing
Net CLK_I__L7_N338: no routing
Net CLK_I__L7_N337: no routing
Net CLK_I__L7_N336: no routing
Net CLK_I__L7_N335: no routing
Net CLK_I__L7_N334: no routing
Net CLK_I__L7_N333: no routing
Net CLK_I__L7_N332: no routing
Net CLK_I__L7_N331: no routing
Net CLK_I__L7_N330: no routing
Net CLK_I__L7_N329: no routing
Net CLK_I__L7_N328: no routing
Net CLK_I__L7_N327: no routing
Net CLK_I__L7_N326: no routing
Net CLK_I__L7_N325: no routing
Net CLK_I__L7_N324: no routing
Net CLK_I__L7_N323: no routing
Net CLK_I__L7_N322: no routing
Net CLK_I__L7_N321: no routing
Net CLK_I__L7_N320: no routing
Net CLK_I__L7_N319: no routing
Net CLK_I__L7_N318: no routing
Net CLK_I__L7_N317: no routing
Net CLK_I__L7_N316: no routing
Net CLK_I__L7_N315: no routing
Net CLK_I__L7_N314: no routing
Net CLK_I__L7_N313: no routing
Net CLK_I__L7_N312: no routing
Net CLK_I__L7_N311: no routing
Net CLK_I__L7_N310: no routing
Net CLK_I__L7_N309: no routing
Net CLK_I__L7_N308: no routing
Net CLK_I__L7_N307: no routing
Net CLK_I__L7_N306: no routing
Net CLK_I__L7_N305: no routing
Net CLK_I__L7_N304: no routing
Net CLK_I__L7_N303: no routing
Net CLK_I__L7_N302: no routing
Net CLK_I__L7_N301: no routing
Net CLK_I__L7_N300: no routing
Net CLK_I__L7_N299: no routing
Net CLK_I__L7_N298: no routing
Net CLK_I__L7_N297: no routing
Net CLK_I__L7_N296: no routing
Net CLK_I__L7_N295: no routing
Net CLK_I__L7_N294: no routing
Net CLK_I__L7_N293: no routing
Net CLK_I__L7_N292: no routing
Net CLK_I__L7_N291: no routing
Net CLK_I__L7_N290: no routing
Net CLK_I__L7_N289: no routing
Net CLK_I__L7_N288: no routing
Net CLK_I__L7_N287: no routing
Net CLK_I__L7_N286: no routing
Net CLK_I__L7_N285: no routing
Net CLK_I__L7_N284: no routing
Net CLK_I__L7_N283: no routing
Net CLK_I__L7_N282: no routing
Net CLK_I__L7_N281: no routing
Net CLK_I__L7_N280: no routing
Net CLK_I__L7_N279: no routing
Net CLK_I__L7_N278: no routing
Net CLK_I__L7_N277: no routing
Net CLK_I__L7_N276: no routing
Net CLK_I__L7_N275: no routing
Net CLK_I__L7_N274: no routing
Net CLK_I__L7_N273: no routing
Net CLK_I__L7_N272: no routing
Net CLK_I__L7_N271: no routing
Net CLK_I__L7_N270: no routing
Net CLK_I__L7_N269: no routing
Net CLK_I__L7_N268: no routing
Net CLK_I__L7_N267: no routing
Net CLK_I__L7_N266: no routing
Net CLK_I__L7_N265: no routing
Net CLK_I__L7_N264: no routing
Net CLK_I__L7_N263: no routing
Net CLK_I__L7_N262: no routing
Net CLK_I__L7_N261: no routing
Net CLK_I__L7_N260: no routing
Net CLK_I__L7_N259: no routing
Net CLK_I__L7_N258: no routing
Net CLK_I__L7_N257: no routing
Net CLK_I__L7_N256: no routing
Net CLK_I__L7_N255: no routing
Net CLK_I__L7_N254: no routing
Net CLK_I__L7_N253: no routing
Net CLK_I__L7_N252: no routing
Net CLK_I__L7_N251: no routing
Net CLK_I__L7_N250: no routing
Net CLK_I__L7_N249: no routing
Net CLK_I__L7_N248: no routing
Net CLK_I__L7_N247: no routing
Net CLK_I__L7_N246: no routing
Net CLK_I__L7_N245: no routing
Net CLK_I__L7_N244: no routing
Net CLK_I__L7_N243: no routing
Net CLK_I__L7_N242: no routing
Net CLK_I__L7_N241: no routing
Net CLK_I__L7_N240: no routing
Net CLK_I__L7_N239: no routing
Net CLK_I__L7_N238: no routing
Net CLK_I__L7_N237: no routing
Net CLK_I__L7_N236: no routing
Net CLK_I__L7_N235: no routing
Net CLK_I__L7_N234: no routing
Net CLK_I__L7_N233: no routing
Net CLK_I__L7_N232: no routing
Net CLK_I__L7_N231: no routing
Net CLK_I__L7_N230: no routing
Net CLK_I__L7_N229: no routing
Net CLK_I__L7_N228: no routing
Net CLK_I__L7_N227: no routing
Net CLK_I__L7_N226: no routing
Net CLK_I__L7_N225: no routing
Net CLK_I__L7_N224: no routing
Net CLK_I__L7_N223: no routing
Net CLK_I__L7_N222: no routing
Net CLK_I__L7_N221: no routing
Net CLK_I__L7_N220: no routing
Net CLK_I__L7_N219: no routing
Net CLK_I__L7_N218: no routing
Net CLK_I__L7_N217: no routing
Net CLK_I__L7_N216: no routing
Net CLK_I__L7_N215: no routing
Net CLK_I__L7_N214: no routing
Net CLK_I__L7_N213: no routing
Net CLK_I__L7_N212: no routing
Net CLK_I__L7_N211: no routing
Net CLK_I__L7_N210: no routing
Net CLK_I__L7_N209: no routing
Net CLK_I__L7_N208: no routing
Net CLK_I__L7_N207: no routing
Net CLK_I__L7_N206: no routing
Net CLK_I__L7_N205: no routing
Net CLK_I__L7_N204: no routing
Net CLK_I__L7_N203: no routing
Net CLK_I__L7_N202: no routing
Net CLK_I__L7_N201: no routing
Net CLK_I__L7_N200: no routing
Net CLK_I__L7_N199: no routing
Net CLK_I__L7_N198: no routing
Net CLK_I__L7_N197: no routing
Net CLK_I__L7_N196: no routing
Net CLK_I__L7_N195: no routing
Net CLK_I__L7_N194: no routing
Net CLK_I__L7_N193: no routing
Net CLK_I__L7_N192: no routing
Net CLK_I__L7_N191: no routing
Net CLK_I__L7_N190: no routing
Net CLK_I__L7_N189: no routing
Net CLK_I__L7_N188: no routing
Net CLK_I__L7_N187: no routing
Net CLK_I__L7_N186: no routing
Net CLK_I__L7_N185: no routing
Net CLK_I__L7_N184: no routing
Net CLK_I__L7_N183: no routing
Net CLK_I__L7_N182: no routing
Net CLK_I__L7_N181: no routing
Net CLK_I__L7_N180: no routing
Net CLK_I__L7_N179: no routing
Net CLK_I__L7_N178: no routing
Net CLK_I__L7_N177: no routing
Net CLK_I__L7_N176: no routing
Net CLK_I__L7_N175: no routing
Net CLK_I__L7_N174: no routing
Net CLK_I__L7_N173: no routing
Net CLK_I__L7_N172: no routing
Net CLK_I__L7_N171: no routing
Net CLK_I__L7_N170: no routing
Net CLK_I__L7_N169: no routing
Net CLK_I__L7_N168: no routing
Net CLK_I__L7_N167: no routing
Net CLK_I__L7_N166: no routing
Net CLK_I__L7_N165: no routing
Net CLK_I__L7_N164: no routing
Net CLK_I__L7_N163: no routing
Net CLK_I__L7_N162: no routing
Net CLK_I__L7_N161: no routing
Net CLK_I__L7_N160: no routing
Net CLK_I__L7_N159: no routing
Net CLK_I__L7_N158: no routing
Net CLK_I__L7_N157: no routing
Net CLK_I__L7_N156: no routing
Net CLK_I__L7_N155: no routing
Net CLK_I__L7_N154: no routing
Net CLK_I__L7_N153: no routing
Net CLK_I__L7_N152: no routing
Net CLK_I__L7_N151: no routing
Net CLK_I__L7_N150: no routing
Net CLK_I__L7_N149: no routing
Net CLK_I__L7_N148: no routing
Net CLK_I__L7_N147: no routing
Net CLK_I__L7_N146: no routing
Net CLK_I__L7_N145: no routing
Net CLK_I__L7_N144: no routing
Net CLK_I__L7_N143: no routing
Net CLK_I__L7_N142: no routing
Net CLK_I__L7_N141: no routing
Net CLK_I__L7_N140: no routing
Net CLK_I__L7_N139: no routing
Net CLK_I__L7_N138: no routing
Net CLK_I__L7_N137: no routing
Net CLK_I__L7_N136: no routing
Net CLK_I__L7_N135: no routing
Net CLK_I__L7_N134: no routing
Net CLK_I__L7_N133: no routing
Net CLK_I__L7_N132: no routing
Net CLK_I__L7_N131: no routing
Net CLK_I__L7_N130: no routing
Net CLK_I__L7_N129: no routing
Net CLK_I__L7_N128: no routing
Net CLK_I__L7_N127: no routing
Net CLK_I__L7_N126: no routing
Net CLK_I__L7_N125: no routing
Net CLK_I__L7_N124: no routing
Net CLK_I__L7_N123: no routing
Net CLK_I__L7_N122: no routing
Net CLK_I__L7_N121: no routing
Net CLK_I__L7_N120: no routing
Net CLK_I__L7_N119: no routing
Net CLK_I__L7_N118: no routing
Net CLK_I__L7_N117: no routing
Net CLK_I__L7_N116: no routing
Net CLK_I__L7_N115: no routing
Net CLK_I__L7_N114: no routing
Net CLK_I__L7_N113: no routing
Net CLK_I__L7_N112: no routing
Net CLK_I__L7_N111: no routing
Net CLK_I__L7_N110: no routing
Net CLK_I__L7_N109: no routing
Net CLK_I__L7_N108: no routing
Net CLK_I__L7_N107: no routing
Net CLK_I__L7_N106: no routing
Net CLK_I__L7_N105: no routing
Net CLK_I__L7_N104: no routing
Net CLK_I__L7_N103: no routing
Net CLK_I__L7_N102: no routing
Net CLK_I__L7_N101: no routing
Net CLK_I__L7_N100: no routing
Net CLK_I__L7_N99: no routing
Net CLK_I__L7_N98: no routing
Net CLK_I__L7_N97: no routing
Net CLK_I__L7_N96: no routing
Net CLK_I__L7_N95: no routing
Net CLK_I__L7_N94: no routing
Net CLK_I__L7_N93: no routing
Net CLK_I__L7_N92: no routing
Net CLK_I__L7_N91: no routing
Net CLK_I__L7_N90: no routing
Net CLK_I__L7_N89: no routing
Net CLK_I__L7_N88: no routing
Net CLK_I__L7_N87: no routing
Net CLK_I__L7_N86: no routing
Net CLK_I__L7_N85: no routing
Net CLK_I__L7_N84: no routing
Net CLK_I__L7_N83: no routing
Net CLK_I__L7_N82: no routing
Net CLK_I__L7_N81: no routing
Net CLK_I__L7_N80: no routing
Net CLK_I__L7_N79: no routing
Net CLK_I__L7_N78: no routing
Net CLK_I__L7_N77: no routing
Net CLK_I__L7_N76: no routing
Net CLK_I__L7_N75: no routing
Net CLK_I__L7_N74: no routing
Net CLK_I__L7_N73: no routing
Net CLK_I__L7_N72: no routing
Net CLK_I__L7_N71: no routing
Net CLK_I__L7_N70: no routing
Net CLK_I__L7_N69: no routing
Net CLK_I__L7_N68: no routing
Net CLK_I__L7_N67: no routing
Net CLK_I__L7_N66: no routing
Net CLK_I__L7_N65: no routing
Net CLK_I__L7_N64: no routing
Net CLK_I__L7_N63: no routing
Net CLK_I__L7_N62: no routing
Net CLK_I__L7_N61: no routing
Net CLK_I__L7_N60: no routing
Net CLK_I__L7_N59: no routing
Net CLK_I__L7_N58: no routing
Net CLK_I__L7_N57: no routing
Net CLK_I__L7_N56: no routing
Net CLK_I__L7_N55: no routing
Net CLK_I__L7_N54: no routing
Net CLK_I__L7_N53: no routing
Net CLK_I__L7_N52: no routing
Net CLK_I__L7_N51: no routing
Net CLK_I__L7_N50: no routing
Net CLK_I__L7_N49: no routing
Net CLK_I__L7_N48: no routing
Net CLK_I__L7_N47: no routing
Net CLK_I__L7_N46: no routing
Net CLK_I__L7_N45: no routing
Net CLK_I__L7_N44: no routing
Net CLK_I__L7_N43: no routing
Net CLK_I__L7_N42: no routing
Net CLK_I__L7_N41: no routing
Net CLK_I__L7_N40: no routing
Net CLK_I__L7_N39: no routing
Net CLK_I__L7_N38: no routing
Net CLK_I__L7_N37: no routing
Net CLK_I__L7_N36: no routing
Net CLK_I__L7_N35: no routing
Net CLK_I__L7_N34: no routing
Net CLK_I__L7_N33: no routing
Net CLK_I__L7_N32: no routing
Net CLK_I__L7_N31: no routing
Net CLK_I__L7_N30: no routing
Net CLK_I__L7_N29: no routing
Net CLK_I__L7_N28: no routing
Net CLK_I__L7_N27: no routing
Net CLK_I__L7_N26: no routing
Net CLK_I__L7_N25: no routing
Net CLK_I__L7_N24: no routing
Net CLK_I__L7_N23: no routing
Net CLK_I__L7_N22: no routing
Net CLK_I__L7_N21: no routing
Net CLK_I__L7_N20: no routing
Net CLK_I__L7_N19: no routing
Net CLK_I__L7_N18: no routing
Net CLK_I__L7_N17: no routing
Net CLK_I__L7_N16: no routing
Net CLK_I__L7_N15: no routing
Net CLK_I__L7_N14: no routing
Net CLK_I__L7_N13: no routing
Net CLK_I__L7_N12: no routing
Net CLK_I__L7_N11: no routing
Net CLK_I__L7_N10: no routing
Net CLK_I__L7_N9: no routing
Net CLK_I__L7_N8: no routing
Net CLK_I__L7_N7: no routing
Net CLK_I__L7_N6: no routing
Net CLK_I__L7_N5: no routing
Net CLK_I__L7_N4: no routing
Net CLK_I__L7_N3: no routing
Net CLK_I__L7_N2: no routing
Net CLK_I__L7_N1: no routing
Net CLK_I__L7_N0: no routing
Net CLK_I__L6_N53: no routing
Net CLK_I__L6_N52: no routing
Net CLK_I__L6_N51: no routing
Net CLK_I__L6_N50: no routing
Net CLK_I__L6_N49: no routing
Net CLK_I__L6_N48: no routing
Net CLK_I__L6_N47: no routing
Net CLK_I__L6_N46: no routing
Net CLK_I__L6_N45: no routing
Net CLK_I__L6_N44: no routing
Net CLK_I__L6_N43: no routing
Net CLK_I__L6_N42: no routing
Net CLK_I__L6_N41: no routing
Net CLK_I__L6_N40: no routing
Net CLK_I__L6_N39: no routing
Net CLK_I__L6_N38: no routing
Net CLK_I__L6_N37: no routing
Net CLK_I__L6_N36: no routing
Net CLK_I__L6_N35: no routing
Net CLK_I__L6_N34: no routing
Net CLK_I__L6_N33: no routing
Net CLK_I__L6_N32: no routing
Net CLK_I__L6_N31: no routing
Net CLK_I__L6_N30: no routing
Net CLK_I__L6_N29: no routing
Net CLK_I__L6_N28: no routing
Net CLK_I__L6_N27: no routing
Net CLK_I__L6_N26: no routing
Net CLK_I__L6_N25: no routing
Net CLK_I__L6_N24: no routing
Net CLK_I__L6_N23: no routing
Net CLK_I__L6_N22: no routing
Net CLK_I__L6_N21: no routing
Net CLK_I__L6_N20: no routing
Net CLK_I__L6_N19: no routing
Net CLK_I__L6_N18: no routing
Net CLK_I__L6_N17: no routing
Net CLK_I__L6_N16: no routing
Net CLK_I__L6_N15: no routing
Net CLK_I__L6_N14: no routing
Net CLK_I__L6_N13: no routing
Net CLK_I__L6_N12: no routing
Net CLK_I__L6_N11: no routing
Net CLK_I__L6_N10: no routing
Net CLK_I__L6_N9: no routing
Net CLK_I__L6_N8: no routing
Net CLK_I__L6_N7: no routing
Net CLK_I__L6_N6: no routing
Net CLK_I__L6_N5: no routing
Net CLK_I__L6_N4: no routing
Net CLK_I__L6_N3: no routing
Net CLK_I__L6_N2: no routing
Net CLK_I__L6_N1: no routing
Net CLK_I__L6_N0: no routing
Net CLK_I__L5_N29: no routing
Net CLK_I__L5_N28: no routing
Net CLK_I__L5_N27: no routing
Net CLK_I__L5_N26: no routing
Net CLK_I__L5_N25: no routing
Net CLK_I__L5_N24: no routing
Net CLK_I__L5_N23: no routing
Net CLK_I__L5_N22: no routing
Net CLK_I__L5_N21: no routing
Net CLK_I__L5_N20: no routing
Net CLK_I__L5_N19: no routing
Net CLK_I__L5_N18: no routing
Net CLK_I__L5_N17: no routing
Net CLK_I__L5_N16: no routing
Net CLK_I__L5_N15: no routing
Net CLK_I__L5_N14: no routing
Net CLK_I__L5_N13: no routing
Net CLK_I__L5_N12: no routing
Net CLK_I__L5_N11: no routing
Net CLK_I__L5_N10: no routing
Net CLK_I__L5_N9: no routing
Net CLK_I__L5_N8: no routing
Net CLK_I__L5_N7: no routing
Net CLK_I__L5_N6: no routing
Net CLK_I__L5_N5: no routing
Net CLK_I__L5_N4: no routing
Net CLK_I__L5_N3: no routing
Net CLK_I__L5_N2: no routing
Net CLK_I__L5_N1: no routing
Net CLK_I__L5_N0: no routing
Net CLK_I__L4_N14: no routing
Net CLK_I__L4_N13: no routing
Net CLK_I__L4_N12: no routing
Net CLK_I__L4_N11: no routing
Net CLK_I__L4_N10: no routing
Net CLK_I__L4_N9: no routing
Net CLK_I__L4_N8: no routing
Net CLK_I__L4_N7: no routing
Net CLK_I__L4_N6: no routing
Net CLK_I__L4_N5: no routing
Net CLK_I__L4_N4: no routing
Net CLK_I__L4_N3: no routing
Net CLK_I__L4_N2: no routing
Net CLK_I__L4_N1: no routing
Net CLK_I__L4_N0: no routing
Net CLK_I__L3_N11: no routing
Net CLK_I__L3_N10: no routing
Net CLK_I__L3_N9: no routing
Net CLK_I__L3_N8: no routing
Net CLK_I__L3_N7: no routing
Net CLK_I__L3_N6: no routing
Net CLK_I__L3_N5: no routing
Net CLK_I__L3_N4: no routing
Net CLK_I__L3_N3: no routing
Net CLK_I__L3_N2: no routing
Net CLK_I__L3_N1: no routing
Net CLK_I__L3_N0: no routing
Net CLK_I__L2_N8: no routing
Net CLK_I__L2_N7: no routing
Net CLK_I__L2_N6: no routing
Net CLK_I__L2_N5: no routing
Net CLK_I__L2_N4: no routing
Net CLK_I__L2_N3: no routing
Net CLK_I__L2_N2: no routing
Net CLK_I__L2_N1: no routing
Net CLK_I__L2_N0: no routing
Net CLK_I__L1_N0: no routing
Net u2/sub_228/FE_OCPN2039_n34: no routing
Net u2/sub_228/FE_OCPN2037_n40: no routing
Net u2/sub_248/FE_OCPN2036_n7: no routing
Net u2/sub_248/FE_OCPN2035_n40: no routing
Net u2/pixel_buf/FE_OCPN2034_pixelbuf_flush: no routing
Net u2/add_296/FE_OCPN2033_carry_3: no routing
Net u2/sub_248/FE_OCPN2032_val_161: no routing
Net u4/mem/FE_OFN2031_n9474: no routing
Net u3/vtgen/ver_gen/gate_cnt/cnt/FE_OFN2030_N16: no routing
Net u4/FE_OFN2029_wptr_5: no routing
Net u2/add_296/FE_OCPN2027_FE_RN_5_0: no routing
Net u2/add_296/FE_OCPN2026_FE_RN_5_0: no routing
Net u2/add_296/FE_OCPN2025_FE_RN_5_0: no routing
Net u2/add_296/FE_OCPN2023_n6: no routing
Net u2/add_296/FE_OCPN2022_n6: no routing
Net u2/add_296/FE_OCPN2021_FE_RN_5_0: no routing
Net u2/add_296/FE_OCPN2020_FE_RN_5_0: no routing
Net u2/pixel_buf/FE_OCPN2018_pixelbuf_flush: no routing
Net u2/pixel_buf/FE_OCPN2016_pixelbuf_flush: no routing
Net u2/FE_OCPN2015_pixelbuf_flush: no routing
Net u2/pixel_buf/FE_OCPN2014_pixelbuf_flush: no routing
Net u2/add_296/FE_OCPN2013_n1: no routing
Net u2/FE_OCPN2012_n166: no routing
Net u2/FE_OCPN2011_n166: no routing
Net u2/FE_OCPN2010_n166: no routing
Net u2/add_296/FE_OCPN2009_FE_RN_10_0: no routing
Net u2/FE_OCPN2007_pixelbuf_flush: no routing
Net u2/color_proc/FE_RN_41_0: no routing
Net u2/color_proc/FE_RN_40_0: no routing
Net u2/add_296/FE_RN_39_0: no routing
Net u2/add_296/FE_RN_38_0: no routing
Net u2/add_296/FE_RN_37_0: no routing
Net u2/add_296/FE_RN_36_0: no routing
Net u2/add_296/FE_OCPN2004_carry_10: no routing
Net u2/add_296/FE_OCPN2003_carry_10: no routing
Net u2/add_296/FE_RN_35_0: no routing
Net u2/add_296/FE_RN_34_0: no routing
Net u2/add_296/FE_RN_33_0: no routing
Net u2/add_296/FE_RN_32_0: no routing
Net u2/add_296/FE_RN_31_0: no routing
Net u2/add_296/FE_RN_30_0: no routing
Net u2/add_296/FE_OCPN2000_carry_10: no routing
Net u2/FE_OCPN1997_vgate_cnt_1: no routing
Net u2/FE_OCPN1996_vgate_cnt_0: no routing
Net u2/add_296/FE_RN_29_0: no routing
Net u2/add_296/FE_RN_28_0: no routing
Net u2/sub_248/FE_RN_27_0: no routing
Net u2/sub_248/FE_RN_26_0: no routing
Net u2/add_296/FE_OCPN1995_carry_10: no routing
Net u2/add_296/FE_OCPN1993_carry_7: no routing
Net u2/add_296/FE_OCPN1992_carry_7: no routing
Net u2/FE_OCPN1989_n56: no routing
Net u2/sub_228/FE_OCPN1986_n31: no routing
Net u2/sub_228/FE_OCPN1984_hgate_cnt_2: no routing
Net u2/sub_228/FE_OCPN1982_n11: no routing
Net u2/FE_OCPN1981_val_16: no routing
Net u2/add_296/FE_RN_25_0: no routing
Net u2/add_296/FE_RN_24_0: no routing
Net u2/color_proc/FE_OCPN1978_pixelbuf_empty_flush: no routing
Net u2/sub_228/FE_OCPN1977_n28: no routing
Net u2/sub_228/FE_OCPN1976_val_16: no routing
Net u2/FE_OCPN1974_val_16: no routing
Net u2/sub_228/FE_OCPN1973_n26: no routing
Net u2/pixel_buf/FE_OCPN1972_n587: no routing
Net u2/FE_OCPN1971_hgate_cnt_0: no routing
Net u2/sub_248/FE_OCPN1970_n35: no routing
Net u2/sub_248/FE_OCPN1969_n29: no routing
Net u2/sub_248/FE_OCPN1968_n6: no routing
Net u2/sub_248/FE_OCPN1966_n24: no routing
Net u2/sub_228/FE_OCPN1965_n38: no routing
Net u2/sub_228/FE_OCPN1964_n35: no routing
Net u2/sub_228/FE_OCPN1963_n24: no routing
Net u2/sub_248/FE_OCPN1961_n9: no routing
Net u2/sub_228/FE_OCPN1959_n25: no routing
Net u2/sub_248/FE_OCPN1958_n26: no routing
Net u2/sub_228/FE_OCPN1957_n37: no routing
Net u2/add_296/FE_RN_21_0: no routing
Net u2/add_296/FE_RN_20_0: no routing
Net u2/add_296/FE_OCPN1955_carry_10: no routing
Net u2/sub_248/FE_OCPN1953_n37: no routing
Net u2/sub_248/FE_OCPN1949_n30: no routing
Net u2/sub_248/FE_OCPN1946_n34: no routing
Net u2/sub_248/FE_OCPN1945_n38: no routing
Net u2/sub_248/FE_OCPN1944_n25: no routing
Net u2/sub_248/FE_OCPN1943_n31: no routing
Net u2/add_296/FE_RN_19_0: no routing
Net u2/add_296/FE_RN_18_0: no routing
Net u2/FE_OCPN1939_n200: no routing
Net u2/FE_OCPN1938_n314: no routing
Net u2/pixel_buf/FE_OCPN1934_n56: no routing
Net u2/sub_248/FE_OCPN1933_n28: no routing
Net u2/sub_228/FE_RN_17_0: no routing
Net u2/sub_228/FE_RN_16_0: no routing
Net u2/add_296/FE_RN_15_0: no routing
Net u2/add_296/FE_RN_14_0: no routing
Net u2/add_296/FE_OCPN1926_carry_22: no routing
Net u2/add_296/FE_OCPN1921_carry_4: no routing
Net u2/FE_OCPN1912_vmemA_3: no routing
Net u2/FE_OCPN1910_ImDoneStrb: no routing
Net u2/add_296/FE_OCPN1909_carry_5: no routing
Net u2/add_296/FE_OCPN1908_carry_24: no routing
Net u2/add_296/FE_OCPN1907_carry_21: no routing
Net u2/add_296/FE_OCPN1906_carry_23: no routing
Net u2/add_296/FE_OCPN1905_carry_6: no routing
Net u2/add_296/FE_OCPN1904_carry_25: no routing
Net u2/add_296/FE_OCPN1903_carry_16: no routing
Net u2/add_296/FE_OCPN1901_carry_2: no routing
Net u2/FE_OCPN1894_n200: no routing
Net u2/sub_228/FE_OCPN1892_n29: no routing
Net u2/add_296/FE_OCPN1890_carry_20: no routing
Net u2/FE_OCPN1887_vmemA_2: no routing
Net u2/add_296/FE_RN_13_0: no routing
Net u2/add_296/FE_RN_12_0: no routing
Net u2/add_296/FE_RN_11_0: no routing
Net u2/add_296/FE_RN_10_0: no routing
Net u2/add_296/FE_RN_9_0: no routing
Net u2/add_296/FE_RN_8_0: no routing
Net u2/add_296/FE_RN_7_0: no routing
Net u2/add_296/FE_RN_6_0: no routing
Net u2/add_296/FE_RN_5_0: no routing
Net u2/add_296/FE_RN_4_0: no routing
Net u2/add_296/FE_RN_3_0: no routing
Net u2/add_296/FE_RN_2_0: no routing
Net u2/add_296/FE_RN_1_0: no routing
Net u2/add_296/FE_RN_0_0: no routing
Net u4/mem/FE_OFN1884_n8882: no routing
Net u4/mem/FE_OFN1883_n6923: no routing
Net u4/mem/FE_OFN1882_n7774: no routing
Net u4/mem/FE_OFN1881_n9303: no routing
Net u4/mem/FE_OFN1880_n10580: no routing
Net u4/mem/FE_OFN1879_n10154: no routing
Net u4/mem/FE_OFN1878_n7943: no routing
Net u4/mem/FE_OFN1877_n9473: no routing
Net u4/mem/FE_OFN1876_n7267: no routing
Net u4/mem/FE_OFN1875_n9644: no routing
Net u4/mem/FE_OFN1874_n8624: no routing
Net u4/mem/FE_OFN1873_n10324: no routing
Net u4/mem/FE_OFN1872_n8794: no routing
Net u4/mem/FE_OFN1871_n6194: no routing
Net u4/mem/FE_OFN1870_n8117: no routing
Net u4/mem/FE_OFN1869_n8453: no routing
Net u4/mem/FE_OFN1868_n10072: no routing
Net u4/mem/FE_OFN1867_n8284: no routing
Net u4/mem/FE_OFN1866_n6500: no routing
Net u4/mem/FE_OFN1865_n6928: no routing
Net u4/mem/FE_OFN1864_n10157: no routing
Net u4/mem/FE_OFN1863_n8373: no routing
Net u4/mem/FE_OFN1862_n9626: no routing
Net u4/mem/FE_OFN1861_n7437: no routing
Net u4/mem/FE_OFN1860_n8116: no routing
Net u4/mem/FE_OFN1859_n10581: no routing
Net u4/mem/FE_OFN1858_n9816: no routing
Net u4/mem/FE_OFN1857_n9477: no routing
Net u4/mem/FE_OFN1855_n9304: no routing
Net u4/mem/FE_OFN1854_n10664: no routing
Net u4/mem/FE_OFN1853_n8539: no routing
Net u4/mem/FE_OFN1852_n9643: no routing
Net u4/mem/FE_OFN1851_n8370: no routing
Net u4/mem/FE_OFN1850_n10495: no routing
Net u4/FE_OFN1849_n17: no routing
Net u4/mem/FE_OFN1848_n6711: no routing
Net u4/mem/FE_OFN1847_n7606: no routing
Net u4/mem/FE_OFN1846_n6926: no routing
Net u4/mem/FE_OFN1845_n6352: no routing
Net u4/mem/FE_OFN1844_n10327: no routing
Net u4/mem/FE_OFN1843_n7859: no routing
Net u4/mem/FE_OFN1842_n7009: no routing
Net u4/mem/FE_OFN1841_n7349: no routing
Net u4/mem/FE_OFN1840_n6229: no routing
Net u4/mem/FE_OFN1839_line_fifo_d_17: no routing
Net u2/FE_OFN1838_clutA_7: no routing
Net u4/FE_OFN1837_ctrl_ven: no routing
Net u4/mem/FE_OFN1836_wptr_3: no routing
Net u4/mem/FE_OFN1835_line_fifo_d_15: no routing
Net u4/mem/FE_OFN1834_line_fifo_d_6: no routing
Net u4/mem/FE_OFN1833_line_fifo_d_4: no routing
Net u4/mem/FE_OFN1832_line_fifo_d_16: no routing
Net u4/mem/FE_OFN1831_line_fifo_d_8: no routing
Net u4/mem/FE_OFN1830_line_fifo_d_23: no routing
Net u4/mem/FE_OFN1829_line_fifo_d_3: no routing
Net u4/mem/FE_OFN1828_line_fifo_d_2: no routing
Net u1/FE_OFN1827_n119: no routing
Net u1/FE_OFN1826_n119: no routing
Net u2/FE_OFN1825_n135: no routing
Net u2/FE_OFN1824_vmem_ack: no routing
Net u2/FE_OFN1823_n134: no routing
Net u2/FE_OFN1822_n167: no routing
Net u2/FE_OFN1821_n168: no routing
Net u2/color_proc/FE_OFN1820_n106: no routing
Net u2/color_proc/FE_OFN1819_n137: no routing
Net u2/color_proc/FE_OFN1817_n87: no routing
Net u2/color_proc/FE_OFN1816_n86: no routing
Net u2/FE_OFN1815_n9: no routing
Net u4/mem/FE_OFN1814_n10664: no routing
Net u4/mem/FE_OFN1813_n10663: no routing
Net u4/mem/FE_OFN1812_n10494: no routing
Net u4/mem/FE_OFN1810_n10324: no routing
Net u4/mem/FE_OFN1809_n10323: no routing
Net u4/mem/FE_OFN1808_n10154: no routing
Net u4/mem/FE_OFN1807_n10153: no routing
Net u4/mem/FE_OFN1806_n9984: no routing
Net u4/mem/FE_OFN1805_n9814: no routing
Net u4/mem/FE_OFN1804_n9813: no routing
Net u4/mem/FE_OFN1803_n9644: no routing
Net u4/mem/FE_OFN1802_n9474: no routing
Net u4/mem/FE_OFN1801_n9304: no routing
Net u4/mem/FE_OFN1799_n9134: no routing
Net u4/mem/FE_OFN1798_n9133: no routing
Net u4/mem/FE_OFN1797_n8964: no routing
Net u4/mem/FE_OFN1795_n8794: no routing
Net u4/mem/FE_OFN1794_n8793: no routing
Net u4/mem/FE_OFN1793_n8624: no routing
Net u4/mem/FE_OFN1792_n8623: no routing
Net u4/mem/FE_OFN1791_n8454: no routing
Net u4/mem/FE_OFN1790_n8283: no routing
Net u4/mem/FE_OFN1789_n8114: no routing
Net u4/mem/FE_OFN1788_n8113: no routing
Net u4/mem/FE_OFN1787_n7944: no routing
Net u4/mem/FE_OFN1786_n7943: no routing
Net u4/mem/FE_OFN1785_n7774: no routing
Net u4/mem/FE_OFN1784_n7773: no routing
Net u4/mem/FE_OFN1783_n7604: no routing
Net u4/mem/FE_OFN1782_n7434: no routing
Net u4/mem/FE_OFN1781_n7433: no routing
Net u4/mem/FE_OFN1780_n7264: no routing
Net u4/mem/FE_OFN1779_n7263: no routing
Net u4/mem/FE_OFN1778_n7094: no routing
Net u4/mem/FE_OFN1777_n7093: no routing
Net u4/mem/FE_OFN1776_n6924: no routing
Net u4/mem/FE_OFN1775_n6498: no routing
Net u4/mem/FE_OFN1774_n10765: no routing
Net u4/mem/FE_OFN1773_n10764: no routing
Net u4/mem/FE_OFN1772_n10762: no routing
Net u4/mem/FE_OFN1771_n10668: no routing
Net u4/mem/FE_OFN1770_n10667: no routing
Net u4/mem/FE_OFN1769_n10666: no routing
Net u4/mem/FE_OFN1768_n10582: no routing
Net u4/mem/FE_OFN1767_n10579: no routing
Net u4/mem/FE_OFN1766_n10498: no routing
Net u4/mem/FE_OFN1765_n10496: no routing
Net u4/mem/FE_OFN1764_n10412: no routing
Net u4/mem/FE_OFN1763_n10411: no routing
Net u4/mem/FE_OFN1762_n10409: no routing
Net u4/mem/FE_OFN1761_n10328: no routing
Net u4/mem/FE_OFN1760_n10327: no routing
Net u4/mem/FE_OFN1759_n10326: no routing
Net u4/mem/FE_OFN1758_n10242: no routing
Net u4/mem/FE_OFN1757_n10239: no routing
Net u4/mem/FE_OFN1756_n10158: no routing
Net u4/mem/FE_OFN1755_n10157: no routing
Net u4/mem/FE_OFN1754_n10156: no routing
Net u4/mem/FE_OFN1753_n10071: no routing
Net u4/mem/FE_OFN1752_n10070: no routing
Net u4/mem/FE_OFN1751_n10069: no routing
Net u4/mem/FE_OFN1750_n9988: no routing
Net u4/mem/FE_OFN1749_n9987: no routing
Net u4/mem/FE_OFN1748_n9986: no routing
Net u4/mem/FE_OFN1747_n9902: no routing
Net u4/mem/FE_OFN1746_n9901: no routing
Net u4/mem/FE_OFN1745_n9899: no routing
Net u4/mem/FE_OFN1744_n9818: no routing
Net u4/mem/FE_OFN1743_n9815: no routing
Net u4/mem/FE_OFN1742_n9732: no routing
Net u4/mem/FE_OFN1741_n9729: no routing
Net u4/mem/FE_OFN1740_n9648: no routing
Net u4/mem/FE_OFN1739_n9647: no routing
Net u4/mem/FE_OFN1738_n9646: no routing
Net u4/mem/FE_OFN1737_n9561: no routing
Net u4/mem/FE_OFN1736_n9560: no routing
Net u4/mem/FE_OFN1735_n9559: no routing
Net u4/mem/FE_OFN1734_n9478: no routing
Net u4/mem/FE_OFN1733_n9476: no routing
Net u4/mem/FE_OFN1732_n9391: no routing
Net u4/mem/FE_OFN1731_n9390: no routing
Net u4/mem/FE_OFN1730_n9389: no routing
Net u4/mem/FE_OFN1729_n9308: no routing
Net u4/mem/FE_OFN1728_n9307: no routing
Net u4/mem/FE_OFN1727_n9306: no routing
Net u4/mem/FE_OFN1726_n9221: no routing
Net u4/mem/FE_OFN1725_n9219: no routing
Net u4/mem/FE_OFN1724_n9138: no routing
Net u4/mem/FE_OFN1723_n9136: no routing
Net u4/mem/FE_OFN1722_n9052: no routing
Net u4/mem/FE_OFN1721_n9051: no routing
Net u4/mem/FE_OFN1720_n9049: no routing
Net u4/mem/FE_OFN1719_n8968: no routing
Net u4/mem/FE_OFN1718_n8966: no routing
Net u4/mem/FE_OFN1717_n8881: no routing
Net u4/mem/FE_OFN1716_n8879: no routing
Net u4/mem/FE_OFN1715_n8798: no routing
Net u4/mem/FE_OFN1714_n8797: no routing
Net u4/mem/FE_OFN1713_n8796: no routing
Net u4/mem/FE_OFN1712_n8711: no routing
Net u4/mem/FE_OFN1711_n8709: no routing
Net u4/mem/FE_OFN1710_n8628: no routing
Net u4/mem/FE_OFN1709_n8627: no routing
Net u4/mem/FE_OFN1708_n8626: no routing
Net u4/mem/FE_OFN1707_n8541: no routing
Net u4/mem/FE_OFN1706_n8458: no routing
Net u4/mem/FE_OFN1705_n8456: no routing
Net u4/mem/FE_OFN1704_n8455: no routing
Net u4/mem/FE_OFN1703_n8371: no routing
Net u4/mem/FE_OFN1702_n8370: no routing
Net u4/mem/FE_OFN1701_n8369: no routing
Net u4/mem/FE_OFN1700_n8288: no routing
Net u4/mem/FE_OFN1699_n8287: no routing
Net u4/mem/FE_OFN1698_n8286: no routing
Net u4/mem/FE_OFN1697_n8201: no routing
Net u4/mem/FE_OFN1696_n8199: no routing
Net u4/mem/FE_OFN1695_n8118: no routing
Net u4/mem/FE_OFN1694_n8032: no routing
Net u4/mem/FE_OFN1693_n8031: no routing
Net u4/mem/FE_OFN1692_n8029: no routing
Net u4/mem/FE_OFN1691_n7948: no routing
Net u4/mem/FE_OFN1690_n7947: no routing
Net u4/mem/FE_OFN1689_n7946: no routing
Net u4/mem/FE_OFN1688_n7861: no routing
Net u4/mem/FE_OFN1687_n7859: no routing
Net u4/mem/FE_OFN1686_n7778: no routing
Net u4/mem/FE_OFN1685_n7777: no routing
Net u4/mem/FE_OFN1684_n7776: no routing
Net u4/mem/FE_OFN1683_n7692: no routing
Net u4/mem/FE_OFN1682_n7689: no routing

Begin Summary
    1000 Problem(s) (ENCVFC-98): Net has no global routing and no special routing.
    1000 total info(s) created.
End Summary
